\BOOKMARK [0][-]{chapter*.1}{\376\377\000A\000b\000s\000t\000r\000a\000c\000t}{}% 1
\BOOKMARK [0][-]{chapter*.2}{\376\377\000S\000a\000m\000m\000e\000n\000d\000r\000a\000g}{}% 2
\BOOKMARK [0][-]{chapter*.3}{\376\377\000P\000r\000e\000f\000a\000c\000e}{}% 3
\BOOKMARK [0][-]{chapter*.4}{\376\377\000C\000o\000n\000t\000e\000n\000t\000s}{}% 4
\BOOKMARK [0][-]{chapter*.4}{\376\377\000L\000i\000s\000t\000\040\000o\000f\000\040\000F\000i\000g\000u\000r\000e\000s}{}% 5
\BOOKMARK [0][-]{chapter*.5}{\376\377\000L\000i\000s\000t\000\040\000o\000f\000\040\000T\000a\000b\000l\000e\000s}{}% 6
\BOOKMARK [0][-]{chapter*.7}{\376\377\000A\000b\000b\000r\000e\000v\000i\000a\000t\000i\000o\000n\000s}{}% 7
\BOOKMARK [0][-]{chapter.1}{\376\377\000I\000n\000t\000r\000o\000d\000u\000c\000t\000i\000o\000n}{}% 8
\BOOKMARK [1][-]{section.1.1}{\376\377\000M\000o\000t\000i\000v\000a\000t\000i\000o\000n}{chapter.1}% 9
\BOOKMARK [1][-]{section.1.2}{\376\377\000O\000b\000j\000e\000c\000t\000i\000v\000e\000s}{chapter.1}% 10
\BOOKMARK [1][-]{section.1.3}{\376\377\000R\000e\000s\000e\000a\000r\000c\000h\000\040\000Q\000u\000e\000s\000t\000i\000o\000n\000s}{chapter.1}% 11
\BOOKMARK [1][-]{section.1.4}{\376\377\000S\000i\000g\000n\000i\000f\000i\000c\000a\000n\000c\000e\000\040\000o\000f\000\040\000t\000h\000e\000\040\000S\000t\000u\000d\000y}{chapter.1}% 12
\BOOKMARK [1][-]{section.1.5}{\376\377\000S\000c\000o\000p\000e}{chapter.1}% 13
\BOOKMARK [1][-]{section.1.6}{\376\377\000T\000h\000e\000s\000i\000s\000\040\000S\000t\000r\000u\000c\000t\000u\000r\000e}{chapter.1}% 14
\BOOKMARK [0][-]{chapter.2}{\376\377\000T\000h\000e\000o\000r\000y\000\040\000a\000n\000d\000\040\000L\000i\000t\000e\000r\000a\000t\000u\000r\000e\000\040\000R\000e\000v\000i\000e\000w}{}% 15
\BOOKMARK [1][-]{section.2.1}{\376\377\000S\000o\000l\000a\000r\000\040\000P\000h\000o\000t\000o\000v\000o\000l\000t\000a\000i\000c\000\040\000\050\000P\000V\000\051\000\040\000S\000y\000s\000t\000e\000m\000s}{chapter.2}% 16
\BOOKMARK [2][-]{subsection.2.1.1}{\376\377\000L\000a\000n\000d\000-\000b\000a\000s\000e\000d\000\040\000P\000h\000o\000t\000o\000v\000o\000l\000t\000a\000i\000c\000\040\000\050\000L\000P\000V\000\051\000\040\000S\000y\000s\000t\000e\000m\000s}{section.2.1}% 17
\BOOKMARK [2][-]{subsection.2.1.2}{\376\377\000F\000l\000o\000a\000t\000i\000n\000g\000\040\000P\000h\000o\000t\000o\000v\000o\000l\000t\000a\000i\000c\000\040\000\050\000F\000P\000V\000\051\000\040\000S\000y\000s\000t\000e\000m\000s}{section.2.1}% 18
\BOOKMARK [1][-]{section.2.2}{\376\377\000P\000V\000\040\000P\000l\000a\000n\000t\000\040\000A\000n\000o\000m\000a\000l\000i\000e\000s}{chapter.2}% 19
\BOOKMARK [2][-]{subsection.2.2.1}{\376\377\000V\000i\000s\000i\000b\000l\000e\000\040\000P\000a\000t\000t\000e\000r\000n\000s}{section.2.2}% 20
\BOOKMARK [2][-]{subsection.2.2.2}{\376\377\000T\000h\000e\000r\000m\000a\000l\000\040\000P\000a\000t\000t\000e\000r\000n\000s}{section.2.2}% 21
\BOOKMARK [1][-]{section.2.3}{\376\377\000P\000V\000\040\000S\000y\000s\000t\000e\000m\000s\000\040\000I\000n\000s\000p\000e\000c\000t\000i\000o\000n\000\040\000M\000e\000t\000h\000o\000d\000s}{chapter.2}% 22
\BOOKMARK [2][-]{subsection.2.3.1}{\376\377\000V\000i\000s\000u\000a\000l\000\040\000I\000n\000s\000p\000e\000c\000t\000i\000o\000n}{section.2.3}% 23
\BOOKMARK [2][-]{subsection.2.3.2}{\376\377\000E\000l\000e\000c\000t\000r\000o\000l\000u\000m\000i\000n\000e\000s\000c\000e\000n\000c\000e\000\040\000\050\000E\000L\000\051\000\040\000I\000n\000s\000p\000e\000c\000t\000i\000o\000n}{section.2.3}% 24
\BOOKMARK [2][-]{subsection.2.3.3}{\376\377\000I\000V\000\040\000C\000u\000r\000v\000e\000\040\000A\000n\000a\000l\000y\000s\000i\000s}{section.2.3}% 25
\BOOKMARK [2][-]{subsection.2.3.4}{\376\377\000U\000A\000V\000-\000B\000a\000s\000e\000d\000\040\000I\000R\000\040\000T\000h\000e\000r\000m\000a\000l\000\040\000I\000n\000s\000p\000e\000c\000t\000i\000o\000n}{section.2.3}% 26
\BOOKMARK [2][-]{subsection.2.3.5}{\376\377\000M\000e\000a\000s\000u\000r\000e\000m\000e\000n\000t\000\040\000P\000r\000i\000n\000c\000i\000p\000l\000e}{section.2.3}% 27
\BOOKMARK [1][-]{section.2.4}{\376\377\000P\000o\000w\000e\000r\000\040\000L\000o\000s\000s\000e\000s\000\040\000E\000s\000t\000i\000m\000a\000t\000i\000o\000n}{chapter.2}% 28
\BOOKMARK [1][-]{section.2.5}{\376\377\000M\000a\000c\000h\000i\000n\000e\000\040\000L\000e\000a\000r\000n\000i\000n\000g\000\040\000a\000n\000d\000\040\000D\000e\000e\000p\000\040\000L\000e\000a\000r\000n\000i\000n\000g}{chapter.2}% 29
\BOOKMARK [2][-]{subsection.2.5.1}{\376\377\000M\000a\000c\000h\000i\000n\000e\000\040\000L\000e\000a\000r\000n\000i\000n\000g\000\040\000T\000y\000p\000e\000s}{section.2.5}% 30
\BOOKMARK [2][-]{subsection.2.5.2}{\376\377\000C\000o\000m\000p\000u\000t\000e\000r\000\040\000V\000i\000s\000i\000o\000n}{section.2.5}% 31
\BOOKMARK [1][-]{section.2.6}{\376\377\000V\000i\000s\000i\000o\000n\000\040\000T\000r\000a\000n\000s\000f\000o\000r\000m\000e\000r}{chapter.2}% 32
\BOOKMARK [1][-]{section.2.7}{\376\377\000D\000e\000i\000T\000\040\000-\000\040\000D\000a\000t\000a\000-\000E\000f\000f\000i\000c\000i\000e\000n\000t\000\040\000I\000m\000a\000g\000e\000\040\000T\000r\000a\000n\000s\000f\000o\000r\000m\000e\000r}{chapter.2}% 33
\BOOKMARK [1][-]{section.2.8}{\376\377\000C\000o\000n\000v\000N\000e\000X\000t\000:\000\040\000C\000N\000N\000s\000\040\000R\000e\000-\000I\000m\000a\000g\000i\000n\000e\000d}{chapter.2}% 34
\BOOKMARK [1][-]{section.2.9}{\376\377\000R\000e\000l\000a\000t\000e\000d\000\040\000W\000o\000r\000k}{chapter.2}% 35
\BOOKMARK [0][-]{chapter.3}{\376\377\000M\000e\000t\000h\000o\000d\000o\000l\000o\000g\000y}{}% 36
\BOOKMARK [1][-]{section.3.1}{\376\377\000D\000a\000t\000a\000s\000e\000t}{chapter.3}% 37
\BOOKMARK [2][-]{subsection.3.1.1}{\376\377\000C\000l\000a\000s\000s\000e\000s\000\040\000D\000e\000s\000c\000r\000i\000p\000t\000i\000o\000n\000s}{section.3.1}% 38
\BOOKMARK [2][-]{subsection.3.1.2}{\376\377\000D\000a\000t\000a\000s\000e\000t\000\040\000S\000a\000m\000p\000l\000e\000\040\000I\000m\000a\000g\000e\000s}{section.3.1}% 39
\BOOKMARK [2][-]{subsection.3.1.3}{\376\377\000D\000a\000t\000a\000s\000e\000t\000\040\000C\000h\000a\000l\000l\000e\000n\000g\000e\000s}{section.3.1}% 40
\BOOKMARK [1][-]{section.3.2}{\376\377\000D\000a\000t\000a\000\040\000P\000r\000e\000p\000r\000o\000c\000e\000s\000s\000i\000n\000g\000\040\000a\000n\000d\000\040\000A\000u\000g\000m\000e\000n\000t\000a\000t\000i\000o\000n}{chapter.3}% 41
\BOOKMARK [2][-]{subsection.3.2.1}{\376\377\000I\000m\000a\000g\000e\000\040\000P\000r\000e\000p\000r\000o\000c\000e\000s\000s\000i\000n\000g}{section.3.2}% 42
\BOOKMARK [2][-]{subsection.3.2.2}{\376\377\000D\000a\000t\000a\000\040\000A\000u\000g\000m\000e\000n\000t\000a\000t\000i\000o\000n}{section.3.2}% 43
\BOOKMARK [1][-]{section.3.3}{\376\377\000H\000a\000r\000d\000w\000a\000r\000e\000\040\000a\000n\000d\000\040\000S\000o\000f\000t\000w\000a\000r\000e\000\040\000E\000n\000v\000i\000r\000o\000n\000m\000e\000n\000t}{chapter.3}% 44
\BOOKMARK [2][-]{subsection.3.3.1}{\376\377\000H\000a\000r\000d\000w\000a\000r\000e\000\040\000S\000e\000t\000u\000p}{section.3.3}% 45
\BOOKMARK [2][-]{subsection.3.3.2}{\376\377\000L\000i\000b\000r\000a\000r\000i\000e\000s\000\040\000a\000n\000d\000\040\000F\000r\000a\000m\000e\000w\000o\000r\000k\000s}{section.3.3}% 46
\BOOKMARK [1][-]{section.3.4}{\376\377\000H\000y\000p\000e\000r\000p\000a\000r\000a\000m\000e\000t\000e\000r\000s}{chapter.3}% 47
\BOOKMARK [1][-]{section.3.5}{\376\377\000M\000o\000d\000e\000l\000\040\000C\000h\000o\000i\000c\000e\000\040\000a\000n\000d\000\040\000A\000r\000c\000h\000i\000t\000e\000c\000t\000u\000r\000e}{chapter.3}% 48
\BOOKMARK [2][-]{subsection.3.5.1}{\376\377\000T\000r\000a\000n\000s\000f\000e\000r\000\040\000L\000e\000a\000r\000n\000i\000n\000g}{section.3.5}% 49
\BOOKMARK [2][-]{subsection.3.5.2}{\376\377\000F\000i\000n\000e\000\040\000T\000u\000n\000i\000n\000g}{section.3.5}% 50
\BOOKMARK [2][-]{subsection.3.5.3}{\376\377\000M\000o\000d\000e\000l\000\040\000A\000r\000c\000h\000i\000t\000e\000c\000t\000u\000r\000e\000s}{section.3.5}% 51
\BOOKMARK [1][-]{section.3.6}{\376\377\000P\000e\000r\000f\000o\000r\000m\000a\000n\000c\000e\000\040\000M\000e\000t\000r\000i\000c\000s}{chapter.3}% 52
\BOOKMARK [0][-]{chapter.4}{\376\377\000R\000e\000s\000u\000l\000t\000s\000\040\000a\000n\000d\000\040\000D\000i\000s\000c\000u\000s\000s\000i\000o\000n}{}% 53
\BOOKMARK [1][-]{section.4.1}{\376\377\0002\000-\000c\000l\000a\000s\000s\000\040\000c\000l\000a\000s\000s\000i\000f\000i\000c\000a\000t\000i\000o\000n\000\040\000-\000\040\000a\000n\000o\000m\000a\000l\000y\000\040\000v\000s\000\040\000n\000o\000\040\000a\000n\000o\000m\000a\000l\000y}{chapter.4}% 54
\BOOKMARK [1][-]{section.4.2}{\376\377\0001\0001\000-\000c\000l\000a\000s\000s\000\040\000c\000l\000a\000s\000s\000i\000f\000i\000c\000a\000t\000i\000o\000n\000\040\000-\000\040\000a\000n\000o\000m\000a\000l\000i\000e\000s\000\040\000t\000y\000p\000e\000s\000\040\000o\000n\000l\000y}{chapter.4}% 55
\BOOKMARK [1][-]{section.4.3}{\376\377\0001\0002\000-\000c\000l\000a\000s\000s\000\040\000c\000l\000a\000s\000s\000i\000f\000i\000c\000a\000t\000i\000o\000n\000\040\000-\000\040\000a\000n\000o\000m\000a\000l\000i\000e\000s\000\040\000t\000y\000p\000e\000s\000\040\000a\000n\000d\000\040\000n\000o\000r\000m\000a\000l}{chapter.4}% 56
\BOOKMARK [1][-]{section.4.4}{\376\377\000D\000e\000t\000a\000i\000l\000e\000d\000\040\000C\000o\000m\000p\000a\000r\000i\000s\000o\000n\000\040\000-\000\040\0002\000-\000C\000l\000a\000s\000s\000\040\000C\000l\000a\000s\000s\000i\000f\000i\000c\000a\000t\000i\000o\000n\000\040\000T\000a\000s\000k}{chapter.4}% 57
\BOOKMARK [2][-]{subsection.4.4.1}{\376\377\000V\000i\000T\000-\000B\0003\0002\000\040\000\050\0002\000-\000C\000l\000a\000s\000s\000\051}{section.4.4}% 58
\BOOKMARK [2][-]{subsection.4.4.2}{\376\377\000D\000e\000i\000T\000-\000B\0001\0006\000\040\000\050\0002\000-\000C\000l\000a\000s\000s\000\051}{section.4.4}% 59
\BOOKMARK [2][-]{subsection.4.4.3}{\376\377\000C\000o\000n\000v\000N\000e\000X\000t\000-\000T\000i\000n\000y\000\040\000\050\0002\000-\000C\000l\000a\000s\000s\000\051}{section.4.4}% 60
\BOOKMARK [2][-]{subsection.4.4.4}{\376\377\000S\000u\000m\000m\000a\000r\000y\000\040\000o\000f\000\040\0002\000-\000C\000l\000a\000s\000s\000\040\000C\000l\000a\000s\000s\000i\000f\000i\000c\000a\000t\000i\000o\000n\000\040\000R\000e\000s\000u\000l\000t\000s}{section.4.4}% 61
\BOOKMARK [1][-]{section.4.5}{\376\377\000D\000e\000t\000a\000i\000l\000e\000d\000\040\000C\000o\000m\000p\000a\000r\000i\000s\000o\000n\000\040\000-\000\040\0001\0001\000-\000C\000l\000a\000s\000s\000\040\000C\000l\000a\000s\000s\000i\000f\000i\000c\000a\000t\000i\000o\000n\000\040\000T\000a\000s\000k}{chapter.4}% 62
\BOOKMARK [2][-]{subsection.4.5.1}{\376\377\000V\000i\000T\000-\000B\0003\0002\000\040\000\050\0001\0001\000-\000C\000l\000a\000s\000s\000\051}{section.4.5}% 63
\BOOKMARK [2][-]{subsection.4.5.2}{\376\377\000D\000e\000i\000T\000-\000B\0001\0006\000\040\000\050\0001\0001\000-\000C\000l\000a\000s\000s\000\051}{section.4.5}% 64
\BOOKMARK [2][-]{subsection.4.5.3}{\376\377\000C\000o\000n\000v\000N\000e\000X\000t\000-\000T\000i\000n\000y\000\040\000\050\0001\0001\000-\000C\000l\000a\000s\000s\000\051}{section.4.5}% 65
\BOOKMARK [2][-]{subsection.4.5.4}{\376\377\000S\000u\000m\000m\000a\000r\000y\000\040\000o\000f\000\040\0001\0001\000-\000C\000l\000a\000s\000s\000\040\000C\000l\000a\000s\000s\000i\000f\000i\000c\000a\000t\000i\000o\000n\000\040\000R\000e\000s\000u\000l\000t\000s}{section.4.5}% 66
\BOOKMARK [1][-]{section.4.6}{\376\377\000D\000e\000t\000a\000i\000l\000e\000d\000\040\000C\000o\000m\000p\000a\000r\000i\000s\000o\000n\000\040\000-\000\040\0001\0002\000-\000C\000l\000a\000s\000s\000\040\000C\000l\000a\000s\000s\000i\000f\000i\000c\000a\000t\000i\000o\000n\000\040\000T\000a\000s\000k}{chapter.4}% 67
\BOOKMARK [2][-]{subsection.4.6.1}{\376\377\000V\000i\000T\000-\000B\0003\0002\000\040\000\050\0001\0002\000-\000C\000l\000a\000s\000s\000\051}{section.4.6}% 68
\BOOKMARK [2][-]{subsection.4.6.2}{\376\377\000D\000e\000i\000T\000-\000B\0001\0006\000\040\000\050\0001\0002\000-\000C\000l\000a\000s\000s\000\051}{section.4.6}% 69
\BOOKMARK [2][-]{subsection.4.6.3}{\376\377\000C\000o\000n\000v\000N\000e\000X\000t\000-\000T\000i\000n\000y\000\040\000\050\0001\0002\000-\000C\000l\000a\000s\000s\000\051}{section.4.6}% 70
\BOOKMARK [2][-]{subsection.4.6.4}{\376\377\000S\000u\000m\000m\000a\000r\000y\000\040\000o\000f\000\040\0001\0002\000-\000C\000l\000a\000s\000s\000\040\000C\000l\000a\000s\000s\000i\000f\000i\000c\000a\000t\000i\000o\000n\000\040\000R\000e\000s\000u\000l\000t\000s}{section.4.6}% 71
\BOOKMARK [1][-]{section.4.7}{\376\377\000A\000\040\000F\000a\000i\000l\000e\000d\000\040\000U\000l\000t\000r\000a\000E\000f\000f\000i\000c\000i\000e\000n\000t\000\040\000D\000e\000i\000T\000-\000B\0001\0006\000\040\000\050\0001\0001\000-\000C\000l\000a\000s\000s\000\051\000:\000\040\000P\000a\000r\000a\000m\000e\000t\000e\000r\000\040\000F\000r\000e\000e\000z\000i\000n\000g\000\040\000A\000n\000a\000l\000y\000s\000i\000s}{chapter.4}% 72
\BOOKMARK [2][-]{subsection.4.7.1}{\376\377\000E\000x\000p\000e\000r\000i\000m\000e\000n\000t\000a\000l\000\040\000C\000o\000n\000f\000i\000g\000u\000r\000a\000t\000i\000o\000n}{section.4.7}% 73
\BOOKMARK [2][-]{subsection.4.7.2}{\376\377\000P\000e\000r\000f\000o\000r\000m\000a\000n\000c\000e\000\040\000A\000n\000a\000l\000y\000s\000i\000s}{section.4.7}% 74
\BOOKMARK [2][-]{subsection.4.7.3}{\376\377\000K\000e\000y\000\040\000F\000i\000n\000d\000i\000n\000g\000s}{section.4.7}% 75
\BOOKMARK [0][-]{chapter.5}{\376\377\000C\000o\000n\000c\000l\000u\000s\000i\000o\000n\000\040\000a\000n\000d\000\040\000F\000u\000t\000u\000r\000e\000\040\000W\000o\000r\000k}{}% 76
\BOOKMARK [1][-]{section.5.1}{\376\377\000L\000i\000m\000i\000t\000a\000t\000i\000o\000n\000s\000\040\000o\000f\000\040\000t\000h\000e\000\040\000S\000t\000u\000d\000y}{chapter.5}% 77
\BOOKMARK [1][-]{section.5.2}{\376\377\000F\000u\000t\000u\000r\000e\000\040\000W\000o\000r\000k}{chapter.5}% 78
\BOOKMARK [0][-]{section.5.2}{\376\377\000R\000e\000f\000e\000r\000e\000n\000c\000e\000s}{}% 79
\BOOKMARK [0][-]{chapter*.60}{\376\377\000A\000p\000p\000e\000n\000d\000i\000c\000e\000s}{}% 80
\BOOKMARK [0][-]{appendix*.61}{\376\377\000A\000\040\000-\000\040\000G\000i\000t\000h\000u\000b\000\040\000r\000e\000p\000o\000s\000i\000t\000o\000r\000y}{}% 81
